#
# There is insufficient memory for the Java Runtime Environment to continue.
# Native memory allocation (mmap) failed to map 2002944 bytes for committing reserved memory.
# Possible reasons:
#   The system is out of physical RAM or swap space
#   In 32 bit mode, the process size limit was hit
# Possible solutions:
#   Reduce memory load on the system
#   Increase physical memory or swap space
#   Check if swap backing store is full
#   Use 64 bit Java on a 64 bit OS
#   Decrease Java heap size (-Xmx/-Xms)
#   Decrease number of Java threads
#   Decrease Java thread stack sizes (-Xss)
#   Set larger code cache with -XX:ReservedCodeCacheSize=
# This output file may be truncated or incomplete.
#
#  Out of Memory Error (os_linux.cpp:2671), pid=5735, tid=139739833104128
#
# JRE version: Java(TM) SE Runtime Environment (8.0_25-b17) (build 1.8.0_25-b17)
# Java VM: Java HotSpot(TM) 64-Bit Server VM (25.25-b02 mixed mode linux-amd64 compressed oops)
# Failed to write core dump. Core dumps have been disabled. To enable core dumping, try "ulimit -c unlimited" before starting Java again
#

---------------  T H R E A D  ---------------

Current thread (0x00007f17c806c000):  VMThread [stack: 0x00007f17b70cf000,0x00007f17b71d0000] [id=5742]

Stack: [0x00007f17b70cf000,0x00007f17b71d0000],  sp=0x00007f17b71cdb50,  free space=1018k
Native frames: (J=compiled Java code, j=interpreted, Vv=VM code, C=native code)
V  [libjvm.so+0xa7923a]  VMError::report_and_die()+0x2ca
V  [libjvm.so+0x4e552b]  report_vm_out_of_memory(char const*, int, unsigned long, VMErrorType, char const*)+0x8b
V  [libjvm.so+0x8e5613]  os::Linux::commit_memory_impl(char*, unsigned long, bool)+0x103
V  [libjvm.so+0x8e5b69]  os::pd_commit_memory(char*, unsigned long, unsigned long, bool)+0x29
V  [libjvm.so+0x8df83a]  os::commit_memory(char*, unsigned long, unsigned long, bool)+0x2a
V  [libjvm.so+0xa75169]  VirtualSpace::expand_by(unsigned long, bool)+0x1c9
V  [libjvm.so+0x5d1aa5]  OneContigSpaceCardGeneration::grow_by(unsigned long)+0x25
V  [libjvm.so+0x5d1e6f]  CardGeneration::expand(unsigned long, unsigned long)+0x6f
V  [libjvm.so+0x5d1f1e]  OneContigSpaceCardGeneration::expand(unsigned long, unsigned long)+0x3e
V  [libjvm.so+0x5d1bf8]  OneContigSpaceCardGeneration::expand_and_allocate(unsigned long, bool, bool)+0xc8
V  [libjvm.so+0x5c0ebd]  GenCollectedHeap::handle_failed_promotion(Generation*, oopDesc*, unsigned long)+0x5d
V  [libjvm.so+0x4eb639]  DefNewGeneration::copy_to_survivor_space(oopDesc*)+0x99
V  [libjvm.so+0x626c82]  InstanceKlass::oop_oop_iterate_nv(oopDesc*, FastScanClosure*)+0x122
V  [libjvm.so+0x9a1062]  ContiguousSpace::oop_since_save_marks_iterate_nv(FastScanClosure*)+0x72
V  [libjvm.so+0x5d18a9]  OneContigSpaceCardGeneration::oop_since_save_marks_iterate_nv(FastScanClosure*)+0x39
V  [libjvm.so+0x5c024a]  GenCollectedHeap::oop_since_save_marks_iterate(int, FastScanClosure*, FastScanClosure*)+0x5a
V  [libjvm.so+0x4ec5e0]  DefNewGeneration::collect(bool, bool, unsigned long, bool)+0x4b0
V  [libjvm.so+0x5c2ead]  GenCollectedHeap::do_collection(bool, bool, unsigned long, bool, int)+0x56d
V  [libjvm.so+0x475914]  GenCollectorPolicy::satisfy_failed_allocation(unsigned long, bool)+0x134
V  [libjvm.so+0xa7a004]  VM_GenCollectForAllocation::doit()+0x94
V  [libjvm.so+0xa81fd5]  VM_Operation::evaluate()+0x55
V  [libjvm.so+0xa803aa]  VMThread::evaluate_operation(VM_Operation*)+0xba
V  [libjvm.so+0xa8072e]  VMThread::loop()+0x1ce
V  [libjvm.so+0xa80ba0]  VMThread::run()+0x70
V  [libjvm.so+0x8e7d48]  java_start(Thread*)+0x108

VM_Operation (0x00007f17b5002230): GenCollectForAllocation, mode: safepoint, requested by thread 0x00007f179c003000


---------------  P R O C E S S  ---------------

Java Threads: ( => current thread )
  0x00007f179c003000 JavaThread "CPMEngine Thread" [_thread_blocked, id=5752, stack(0x00007f17b4f05000,0x00007f17b5006000)]
  0x00007f17c85f9000 JavaThread "BaseCPMImpl-Thread" [_thread_blocked, id=5751, stack(0x00007f17b5006000,0x00007f17b5107000)]
  0x00007f17c80ac000 JavaThread "Service Thread" daemon [_thread_blocked, id=5748, stack(0x00007f17b63e7000,0x00007f17b64e8000)]
  0x00007f17c80a6800 JavaThread "C1 CompilerThread1" daemon [_thread_blocked, id=5747, stack(0x00007f17b64e8000,0x00007f17b65e9000)]
  0x00007f17c80a4800 JavaThread "C2 CompilerThread0" daemon [_thread_blocked, id=5746, stack(0x00007f17b65e9000,0x00007f17b66ea000)]
  0x00007f17c80a2800 JavaThread "Signal Dispatcher" daemon [_thread_blocked, id=5745, stack(0x00007f17b66ea000,0x00007f17b67eb000)]
  0x00007f17c8075000 JavaThread "Finalizer" daemon [_thread_blocked, id=5744, stack(0x00007f17b6ecd000,0x00007f17b6fce000)]
  0x00007f17c8073000 JavaThread "Reference Handler" daemon [_thread_blocked, id=5743, stack(0x00007f17b6fce000,0x00007f17b70cf000)]
  0x00007f17c800c000 JavaThread "main" [_thread_in_native, id=5741, stack(0x00007f17cdf54000,0x00007f17ce055000)]

Other Threads:
=>0x00007f17c806c000 VMThread [stack: 0x00007f17b70cf000,0x00007f17b71d0000] [id=5742]
  0x00007f17c80c9000 WatcherThread [stack: 0x00007f17b62e6000,0x00007f17b63e7000] [id=5749]

VM state:at safepoint (normal execution)

VM Mutex/Monitor currently owned by a thread:  ([mutex/lock_event])
[0x00007f17c8008110] Threads_lock - owner thread: 0x00007f17c806c000
[0x00007f17c8008610] Heap_lock - owner thread: 0x00007f179c003000

Heap:
 def new generation   total 4928K, used 4892K [0x00000000f0800000, 0x00000000f0d50000, 0x00000000f5aa0000)
  eden space 4416K, 100% used [0x00000000f0800000, 0x00000000f0c50000, 0x00000000f0c50000)
  from space 512K,  92% used [0x00000000f0cd0000, 0x00000000f0d47030, 0x00000000f0d50000)
  to   space 512K,  25% used [0x00000000f0c50000, 0x00000000f0c700d0, 0x00000000f0cd0000)
 tenured generation   total 10944K, used 10763K [0x00000000f5aa0000, 0x00000000f6550000, 0x0000000100000000)
   the space 10944K,  98% used [0x00000000f5aa0000, 0x00000000f6522f88, 0x00000000f6523000, 0x00000000f6550000)
 Metaspace       used 15223K, capacity 15794K, committed 15872K, reserved 1062912K
  class space    used 1895K, capacity 2008K, committed 2048K, reserved 1048576K

Card table byte_map: [0x00007f17cded7000,0x00007f17cdf54000] byte_map_base: 0x00007f17cd753000

Polling page: 0x00007f17ce06c000

CodeCache: size=245760Kb used=5435Kb max_used=5438Kb free=240324Kb
 bounds [0x00007f17b7f66000, 0x00007f17b84c6000, 0x00007f17c6f66000]
 total_blobs=1971 nmethods=1626 adapters=259
 compilation: enabled

Compilation events (10 events):
Event: 7.171 Thread 0x00007f17c80a6800 1631       3       org.apache.uima.internal.util.GraphNode::<init> (32 bytes)
Event: 7.172 Thread 0x00007f17c80a6800 nmethod 1631 0x00007f17b84b8810 code [0x00007f17b84b89c0, 0x00007f17b84b8f90]
Event: 7.172 Thread 0x00007f17c80a6800 1636       3       org.apache.uima.cas.impl.TypeSystemImpl::ll_getCodeForTypeName (21 bytes)
Event: 7.172 Thread 0x00007f17c80a6800 nmethod 1636 0x00007f17b84b7ad0 code [0x00007f17b84b7ca0, 0x00007f17b84b84d0]
Event: 7.173 Thread 0x00007f17c80a6800 1637       1       org.apache.uima.cas.impl.TypeSystemImpl::isCommitted (5 bytes)
Event: 7.173 Thread 0x00007f17c80a6800 nmethod 1637 0x00007f17b806eed0 code [0x00007f17b806f020, 0x00007f17b806f130]
Event: 7.173 Thread 0x00007f17c80a6800 1640       1       org.apache.uima.cas.impl.FSIndexComparatorImpl::getType (5 bytes)
Event: 7.173 Thread 0x00007f17c80a6800 nmethod 1640 0x00007f17b806eb50 code [0x00007f17b806eca0, 0x00007f17b806edb0]
Event: 7.173 Thread 0x00007f17c80a6800 1641       1       org.apache.uima.cas.impl.FSIndexComparatorImpl::getLowLevelCAS (5 bytes)
Event: 7.173 Thread 0x00007f17c80a6800 nmethod 1641 0x00007f17b84b7810 code [0x00007f17b84b7960, 0x00007f17b84b7a70]

GC Heap History (10 events):
Event: 5.470 GC heap after
Heap after GC invocations=13 (full 0):
 def new generation   total 4928K, used 354K [0x00000000f0800000, 0x00000000f0d50000, 0x00000000f5aa0000)
  eden space 4416K,   0% used [0x00000000f0800000, 0x00000000f0800000, 0x00000000f0c50000)
  from space 512K,  69% used [0x00000000f0cd0000, 0x00000000f0d28aa0, 0x00000000f0d50000)
  to   space 512K,   0% used [0x00000000f0c50000, 0x00000000f0c50000, 0x00000000f0cd0000)
 tenured generation   total 10944K, used 5535K [0x00000000f5aa0000, 0x00000000f6550000, 0x0000000100000000)
   the space 10944K,  50% used [0x00000000f5aa0000, 0x00000000f6007c60, 0x00000000f6007e00, 0x00000000f6550000)
 Metaspace       used 12861K, capacity 13292K, committed 13568K, reserved 1060864K
  class space    used 1618K, capacity 1677K, committed 1792K, reserved 1048576K
}
Event: 5.622 GC heap before
{Heap before GC invocations=13 (full 0):
 def new generation   total 4928K, used 4770K [0x00000000f0800000, 0x00000000f0d50000, 0x00000000f5aa0000)
  eden space 4416K, 100% used [0x00000000f0800000, 0x00000000f0c50000, 0x00000000f0c50000)
  from space 512K,  69% used [0x00000000f0cd0000, 0x00000000f0d28aa0, 0x00000000f0d50000)
  to   space 512K,   0% used [0x00000000f0c50000, 0x00000000f0c50000, 0x00000000f0cd0000)
 tenured generation   total 10944K, used 5535K [0x00000000f5aa0000, 0x00000000f6550000, 0x0000000100000000)
   the space 10944K,  50% used [0x00000000f5aa0000, 0x00000000f6007c60, 0x00000000f6007e00, 0x00000000f6550000)
 Metaspace       used 13052K, capacity 13608K, committed 13824K, reserved 1060864K
  class space    used 1643K, capacity 1735K, committed 1792K, reserved 1048576K
Event: 5.631 GC heap after
Heap after GC invocations=14 (full 0):
 def new generation   total 4928K, used 207K [0x00000000f0800000, 0x00000000f0d50000, 0x00000000f5aa0000)
  eden space 4416K,   0% used [0x00000000f0800000, 0x00000000f0800000, 0x00000000f0c50000)
  from space 512K,  40% used [0x00000000f0c50000, 0x00000000f0c83ea8, 0x00000000f0cd0000)
  to   space 512K,   0% used [0x00000000f0cd0000, 0x00000000f0cd0000, 0x00000000f0d50000)
 tenured generation   total 10944K, used 5685K [0x00000000f5aa0000, 0x00000000f6550000, 0x0000000100000000)
   the space 10944K,  51% used [0x00000000f5aa0000, 0x00000000f602d4f0, 0x00000000f602d600, 0x00000000f6550000)
 Metaspace       used 13052K, capacity 13608K, committed 13824K, reserved 1060864K
  class space    used 1643K, capacity 1735K, committed 1792K, reserved 1048576K
}
Event: 6.845 GC heap before
{Heap before GC invocations=14 (full 0):
 def new generation   total 4928K, used 4623K [0x00000000f0800000, 0x00000000f0d50000, 0x00000000f5aa0000)
  eden space 4416K, 100% used [0x00000000f0800000, 0x00000000f0c50000, 0x00000000f0c50000)
  from space 512K,  40% used [0x00000000f0c50000, 0x00000000f0c83ea8, 0x00000000f0cd0000)
  to   space 512K,   0% used [0x00000000f0cd0000, 0x00000000f0cd0000, 0x00000000f0d50000)
 tenured generation   total 10944K, used 5685K [0x00000000f5aa0000, 0x00000000f6550000, 0x0000000100000000)
   the space 10944K,  51% used [0x00000000f5aa0000, 0x00000000f602d4f0, 0x00000000f602d600, 0x00000000f6550000)
 Metaspace       used 14052K, capacity 14570K, committed 14720K, reserved 1062912K
  class space    used 1751K, capacity 1830K, committed 1920K, reserved 1048576K
Event: 6.852 GC heap after
Heap after GC invocations=15 (full 0):
 def new generation   total 4928K, used 511K [0x00000000f0800000, 0x00000000f0d50000, 0x00000000f5aa0000)
  eden space 4416K,   0% used [0x00000000f0800000, 0x00000000f0800000, 0x00000000f0c50000)
  from space 512K,  99% used [0x00000000f0cd0000, 0x00000000f0d4fff8, 0x00000000f0d50000)
  to   space 512K,   0% used [0x00000000f0c50000, 0x00000000f0c50000, 0x00000000f0cd0000)
 tenured generation   total 10944K, used 6108K [0x00000000f5aa0000, 0x00000000f6550000, 0x0000000100000000)
   the space 10944K,  55% used [0x00000000f5aa0000, 0x00000000f6097020, 0x00000000f6097200, 0x00000000f6550000)
 Metaspace       used 14052K, capacity 14570K, committed 14720K, reserved 1062912K
  class space    used 1751K, capacity 1830K, committed 1920K, reserved 1048576K
}
Event: 7.042 GC heap before
{Heap before GC invocations=15 (full 0):
 def new generation   total 4928K, used 4927K [0x00000000f0800000, 0x00000000f0d50000, 0x00000000f5aa0000)
  eden space 4416K, 100% used [0x00000000f0800000, 0x00000000f0c50000, 0x00000000f0c50000)
  from space 512K,  99% used [0x00000000f0cd0000, 0x00000000f0d4fff8, 0x00000000f0d50000)
  to   space 512K,   0% used [0x00000000f0c50000, 0x00000000f0c50000, 0x00000000f0cd0000)
 tenured generation   total 10944K, used 6108K [0x00000000f5aa0000, 0x00000000f6550000, 0x0000000100000000)
   the space 10944K,  55% used [0x00000000f5aa0000, 0x00000000f6097020, 0x00000000f6097200, 0x00000000f6550000)
 Metaspace       used 14753K, capacity 15346K, committed 15616K, reserved 1062912K
  class space    used 1832K, capacity 1944K, committed 2048K, reserved 1048576K
Event: 7.050 GC heap after
Heap after GC invocations=16 (full 0):
 def new generation   total 4928K, used 424K [0x00000000f0800000, 0x00000000f0d50000, 0x00000000f5aa0000)
  eden space 4416K,   0% used [0x00000000f0800000, 0x00000000f0800000, 0x00000000f0c50000)
  from space 512K,  82% used [0x00000000f0c50000, 0x00000000f0cba330, 0x00000000f0cd0000)
  to   space 512K,   0% used [0x00000000f0cd0000, 0x00000000f0cd0000, 0x00000000f0d50000)
 tenured generation   total 10944K, used 6595K [0x00000000f5aa0000, 0x00000000f6550000, 0x0000000100000000)
   the space 10944K,  60% used [0x00000000f5aa0000, 0x00000000f6110c38, 0x00000000f6110e00, 0x00000000f6550000)
 Metaspace       used 14753K, capacity 15346K, committed 15616K, reserved 1062912K
  class space    used 1832K, capacity 1944K, committed 2048K, reserved 1048576K
}
Event: 7.152 GC heap before
{Heap before GC invocations=16 (full 0):
 def new generation   total 4928K, used 4452K [0x00000000f0800000, 0x00000000f0d50000, 0x00000000f5aa0000)
  eden space 4416K,  91% used [0x00000000f0800000, 0x00000000f0beefa8, 0x00000000f0c50000)
  from space 512K,  82% used [0x00000000f0c50000, 0x00000000f0cba330, 0x00000000f0cd0000)
  to   space 512K,   0% used [0x00000000f0cd0000, 0x00000000f0cd0000, 0x00000000f0d50000)
 tenured generation   total 10944K, used 6595K [0x00000000f5aa0000, 0x00000000f6550000, 0x0000000100000000)
   the space 10944K,  60% used [0x00000000f5aa0000, 0x00000000f6110c38, 0x00000000f6110e00, 0x00000000f6550000)
 Metaspace       used 15145K, capacity 15730K, committed 15872K, reserved 1062912K
  class space    used 1891K, capacity 2008K, committed 2048K, reserved 1048576K
Event: 7.159 GC heap after
Heap after GC invocations=17 (full 0):
 def new generation   total 4928K, used 476K [0x00000000f0800000, 0x00000000f0d50000, 0x00000000f5aa0000)
  eden space 4416K,   0% used [0x00000000f0800000, 0x00000000f0800000, 0x00000000f0c50000)
  from space 512K,  92% used [0x00000000f0cd0000, 0x00000000f0d47030, 0x00000000f0d50000)
  to   space 512K,   0% used [0x00000000f0c50000, 0x00000000f0c50000, 0x00000000f0cd0000)
 tenured generation   total 10944K, used 8711K [0x00000000f5aa0000, 0x00000000f6550000, 0x0000000100000000)
   the space 10944K,  79% used [0x00000000f5aa0000, 0x00000000f6321e98, 0x00000000f6322000, 0x00000000f6550000)
 Metaspace       used 15145K, capacity 15730K, committed 15872K, reserved 1062912K
  class space    used 1891K, capacity 2008K, committed 2048K, reserved 1048576K
}
Event: 7.217 GC heap before
{Heap before GC invocations=17 (full 0):
 def new generation   total 4928K, used 4892K [0x00000000f0800000, 0x00000000f0d50000, 0x00000000f5aa0000)
  eden space 4416K, 100% used [0x00000000f0800000, 0x00000000f0c50000, 0x00000000f0c50000)
  from space 512K,  92% used [0x00000000f0cd0000, 0x00000000f0d47030, 0x00000000f0d50000)
  to   space 512K,   0% used [0x00000000f0c50000, 0x00000000f0c50000, 0x00000000f0cd0000)
 tenured generation   total 10944K, used 8711K [0x00000000f5aa0000, 0x00000000f6550000, 0x0000000100000000)
   the space 10944K,  79% used [0x00000000f5aa0000, 0x00000000f6321e98, 0x00000000f6322000, 0x00000000f6550000)
 Metaspace       used 15223K, capacity 15794K, committed 15872K, reserved 1062912K
  class space    used 1895K, capacity 2008K, committed 2048K, reserved 1048576K

Deoptimization events (7 events):
Event: 3.195 Thread 0x00007f17c800c000 Uncommon trap: reason=unreached action=reinterpret pc=0x00007f17b824c484 method=java.lang.reflect.Method.equals(Ljava/lang/Object;)Z @ 49
Event: 3.195 Thread 0x00007f17c800c000 Uncommon trap: reason=unreached action=reinterpret pc=0x00007f17b81d0780 method=java.lang.reflect.Method.equals(Ljava/lang/Object;)Z @ 49
Event: 4.419 Thread 0x00007f17c800c000 Uncommon trap: reason=class_check action=maybe_recompile pc=0x00007f17b827c9ec method=java.util.HashMap.putVal(ILjava/lang/Object;Ljava/lang/Object;ZZ)Ljava/lang/Object; @ 203
Event: 4.419 Thread 0x00007f17c800c000 Uncommon trap: reason=class_check action=maybe_recompile pc=0x00007f17b827c9ec method=java.util.HashMap.putVal(ILjava/lang/Object;Ljava/lang/Object;ZZ)Ljava/lang/Object; @ 203
Event: 4.420 Thread 0x00007f17c800c000 Uncommon trap: reason=class_check action=maybe_recompile pc=0x00007f17b827c9ec method=java.util.HashMap.putVal(ILjava/lang/Object;Ljava/lang/Object;ZZ)Ljava/lang/Object; @ 203
Event: 4.427 Thread 0x00007f17c800c000 Uncommon trap: reason=class_check action=maybe_recompile pc=0x00007f17b827c9ec method=java.util.HashMap.putVal(ILjava/lang/Object;Ljava/lang/Object;ZZ)Ljava/lang/Object; @ 203
Event: 7.102 Thread 0x00007f179c003000 Uncommon trap: reason=unreached action=reinterpret pc=0x00007f17b84adbf0 method=org.apache.uima.cas.impl.TypeSystemImpl.ll_subsumes(II)Z @ 102

Internal exceptions (10 events):
Event: 7.145 Thread 0x00007f179c003000 Exception <a 'java/security/PrivilegedActionException'> (0x00000000f0bbd190) thrown at [/HUDSON/workspace/8-2-build-linux-amd64/jdk8u25/1514/hotspot/src/share/vm/prims/jvm.cpp, line 1312]
Event: 7.146 Thread 0x00007f179c003000 Exception <a 'java/security/PrivilegedActionException'> (0x00000000f0bc4c18) thrown at [/HUDSON/workspace/8-2-build-linux-amd64/jdk8u25/1514/hotspot/src/share/vm/prims/jvm.cpp, line 1312]
Event: 7.146 Thread 0x00007f179c003000 Exception <a 'java/security/PrivilegedActionException'> (0x00000000f0bcb590) thrown at [/HUDSON/workspace/8-2-build-linux-amd64/jdk8u25/1514/hotspot/src/share/vm/prims/jvm.cpp, line 1312]
Event: 7.149 Thread 0x00007f179c003000 Exception <a 'java/security/PrivilegedActionException'> (0x00000000f0bd6648) thrown at [/HUDSON/workspace/8-2-build-linux-amd64/jdk8u25/1514/hotspot/src/share/vm/prims/jvm.cpp, line 1312]
Event: 7.164 Thread 0x00007f179c003000 Exception <a 'java/security/PrivilegedActionException'> (0x00000000f0c07108) thrown at [/HUDSON/workspace/8-2-build-linux-amd64/jdk8u25/1514/hotspot/src/share/vm/prims/jvm.cpp, line 1312]
Event: 7.175 Thread 0x00007f179c003000 Exception <a 'java/security/PrivilegedActionException'> (0x00000000f0c0e498) thrown at [/HUDSON/workspace/8-2-build-linux-amd64/jdk8u25/1514/hotspot/src/share/vm/prims/jvm.cpp, line 1312]
Event: 7.205 Thread 0x00007f179c003000 Exception <a 'java/lang/ClassNotFoundException': > (0x00000000f0c16b30) thrown at [/HUDSON/workspace/8-2-build-linux-amd64/jdk8u25/1514/hotspot/src/share/vm/prims/jni.cpp, line 742]
Event: 7.205 Thread 0x00007f179c003000 Exception <a 'java/security/PrivilegedActionException'> (0x00000000f0c22188) thrown at [/HUDSON/workspace/8-2-build-linux-amd64/jdk8u25/1514/hotspot/src/share/vm/prims/jvm.cpp, line 1312]
Event: 7.213 Thread 0x00007f179c003000 Exception <a 'java/security/PrivilegedActionException'> (0x00000000f0c2c4b0) thrown at [/HUDSON/workspace/8-2-build-linux-amd64/jdk8u25/1514/hotspot/src/share/vm/prims/jvm.cpp, line 1312]
Event: 7.216 Thread 0x00007f179c003000 Exception <a 'java/security/PrivilegedActionException'> (0x00000000f0c4c4e0) thrown at [/HUDSON/workspace/8-2-build-linux-amd64/jdk8u25/1514/hotspot/src/share/vm/prims/jvm.cpp, line 1312]

Events (10 events):
Event: 7.166 Thread 0x00007f17c80a4800 flushing nmethod 0x00007f17b80a4f90
Event: 7.174 loading class org/apache/uima/collection/impl/cpm/engine/ArtifactProducer
Event: 7.175 loading class org/apache/uima/collection/impl/cpm/engine/ArtifactProducer done
Event: 7.205 loading class org/apache/uima/collection/impl/cpm/engine/ProcessingUnit
Event: 7.205 loading class org/apache/uima/collection/impl/cpm/engine/ProcessingUnit done
Event: 7.213 loading class org/apache/uima/cas_data/CasData
Event: 7.213 loading class org/apache/uima/cas_data/CasData done
Event: 7.216 loading class org/apache/uima/collection/impl/CasConverter
Event: 7.216 loading class org/apache/uima/collection/impl/CasConverter done
Event: 7.216 Executing VM operation: GenCollectForAllocation


Dynamic libraries:
00400000-00401000 r-xp 00000000 08:01 412326                             /usr/local/java/jdk1.8.0_25/bin/java
00600000-00601000 rw-p 00000000 08:01 412326                             /usr/local/java/jdk1.8.0_25/bin/java
00f69000-00f8a000 rw-p 00000000 00:00 0                                  [heap]
f0800000-f0d50000 rw-p 00000000 00:00 0 
f0d50000-f5aa0000 ---p 00000000 00:00 0 
f5aa0000-f6550000 rw-p 00000000 00:00 0 
f6739000-100000000 ---p 00000000 00:00 0 
100000000-100200000 rw-p 00000000 00:00 0 
100200000-140000000 ---p 00000000 00:00 0 
7f1798000000-7f179840d000 rw-p 00000000 00:00 0 
7f179840d000-7f179c000000 ---p 00000000 00:00 0 
7f179c000000-7f179c048000 rw-p 00000000 00:00 0 
7f179c048000-7f17a0000000 ---p 00000000 00:00 0 
7f17a0000000-7f17a0021000 rw-p 00000000 00:00 0 
7f17a0021000-7f17a4000000 ---p 00000000 00:00 0 
7f17a4000000-7f17a4263000 rw-p 00000000 00:00 0 
7f17a4263000-7f17a8000000 ---p 00000000 00:00 0 
7f17a8000000-7f17a8021000 rw-p 00000000 00:00 0 
7f17a8021000-7f17ac000000 ---p 00000000 00:00 0 
7f17ac000000-7f17ac021000 rw-p 00000000 00:00 0 
7f17ac021000-7f17b0000000 ---p 00000000 00:00 0 
7f17b0000000-7f17b02a3000 rw-p 00000000 00:00 0 
7f17b02a3000-7f17b4000000 ---p 00000000 00:00 0 
7f17b4f05000-7f17b4f08000 ---p 00000000 00:00 0 
7f17b4f08000-7f17b5006000 rw-p 00000000 00:00 0                          [stack:5752]
7f17b5006000-7f17b5009000 ---p 00000000 00:00 0 
7f17b5009000-7f17b5287000 rw-p 00000000 00:00 0                          [stack:5751]
7f17b5287000-7f17b5307000 ---p 00000000 00:00 0 
7f17b5307000-7f17b5507000 rw-p 00000000 00:00 0 
7f17b5507000-7f17b551d000 r-xp 00000000 08:01 921953                     /lib/x86_64-linux-gnu/libgcc_s.so.1
7f17b551d000-7f17b571c000 ---p 00016000 08:01 921953                     /lib/x86_64-linux-gnu/libgcc_s.so.1
7f17b571c000-7f17b571d000 rw-p 00015000 08:01 921953                     /lib/x86_64-linux-gnu/libgcc_s.so.1
7f17b5730000-7f17b5731000 rw-p 00000000 00:00 0 
7f17b5731000-7f17b5763000 r-xp 00000000 08:01 1066513                    /usr/local/java/jdk1.8.0_25/jre/lib/amd64/libsunec.so
7f17b5763000-7f17b5962000 ---p 00032000 08:01 1066513                    /usr/local/java/jdk1.8.0_25/jre/lib/amd64/libsunec.so
7f17b5962000-7f17b5968000 rw-p 00031000 08:01 1066513                    /usr/local/java/jdk1.8.0_25/jre/lib/amd64/libsunec.so
7f17b5968000-7f17b5978000 rw-p 00000000 00:00 0 
7f17b5978000-7f17b5979000 r--s 00009000 08:01 1066580                    /usr/local/java/jdk1.8.0_25/jre/lib/ext/sunec.jar
7f17b5979000-7f17b597b000 r--s 0001a000 08:01 1066490                    /usr/local/java/jdk1.8.0_25/jre/lib/jce.jar
7f17b597b000-7f17b598c000 r-xp 00000000 08:01 1066552                    /usr/local/java/jdk1.8.0_25/jre/lib/amd64/libnio.so
7f17b598c000-7f17b5b8b000 ---p 00011000 08:01 1066552                    /usr/local/java/jdk1.8.0_25/jre/lib/amd64/libnio.so
7f17b5b8b000-7f17b5b8c000 rw-p 00010000 08:01 1066552                    /usr/local/java/jdk1.8.0_25/jre/lib/amd64/libnio.so
7f17b5b8c000-7f17b5ba2000 r-xp 00000000 08:01 1066527                    /usr/local/java/jdk1.8.0_25/jre/lib/amd64/libnet.so
7f17b5ba2000-7f17b5da2000 ---p 00016000 08:01 1066527                    /usr/local/java/jdk1.8.0_25/jre/lib/amd64/libnet.so
7f17b5da2000-7f17b5da3000 rw-p 00016000 08:01 1066527                    /usr/local/java/jdk1.8.0_25/jre/lib/amd64/libnet.so
7f17b5da3000-7f17b5fa3000 rw-p 00000000 00:00 0 
7f17b5fa3000-7f17b5fab000 r-xp 00000000 08:01 1066512                    /usr/local/java/jdk1.8.0_25/jre/lib/amd64/libmanagement.so
7f17b5fab000-7f17b61ab000 ---p 00008000 08:01 1066512                    /usr/local/java/jdk1.8.0_25/jre/lib/amd64/libmanagement.so
7f17b61ab000-7f17b61ac000 rw-p 00008000 08:01 1066512                    /usr/local/java/jdk1.8.0_25/jre/lib/amd64/libmanagement.so
7f17b61ac000-7f17b61b0000 r--s 00093000 08:01 1066573                    /usr/local/java/jdk1.8.0_25/jre/lib/jsse.jar
7f17b61b0000-7f17b61ba000 r--s 00116000 08:01 1066579                    /usr/local/java/jdk1.8.0_25/jre/lib/ext/localedata.jar
7f17b61ba000-7f17b61d6000 r--s 00393000 08:01 1066585                    /usr/local/java/jdk1.8.0_25/jre/lib/ext/cldrdata.jar
7f17b61d6000-7f17b6201000 r--s 001fc000 08:01 295516                     /home/huatang/.m2/repository/com/google/guava/guava/18.0/guava-18.0.jar
7f17b6201000-7f17b6208000 r--s 00052000 08:01 926468                     /home/huatang/.m2/repository/commons-configuration/commons-configuration/1.10/commons-configuration-1.10.jar
7f17b6208000-7f17b620a000 r--s 00008000 08:01 412515                     /home/huatang/.m2/repository/org/apache/httpcomponents/httpmime/4.3.5/httpmime-4.3.5.jar
7f17b620a000-7f17b6210000 r--s 00033000 08:01 295372                     /home/huatang/.m2/repository/commons-codec/commons-codec/1.6/commons-codec-1.6.jar
7f17b6210000-7f17b6212000 r--s 0000e000 08:01 412503                     /home/huatang/.m2/repository/commons-logging/commons-logging/1.1.3/commons-logging-1.1.3.jar
7f17b6212000-7f17b6218000 r--s 0003f000 08:01 412512                     /home/huatang/.m2/repository/org/apache/httpcomponents/httpcore/4.3.2/httpcore-4.3.2.jar
7f17b6218000-7f17b6224000 r--s 00085000 08:01 412509                     /home/huatang/.m2/repository/org/apache/httpcomponents/httpclient/4.3.5/httpclient-4.3.5.jar
7f17b6224000-7f17b6230000 r--s 00085000 08:01 412506                     /home/huatang/.m2/repository/org/springframework/spring-beans/3.1.2.RELEASE/spring-beans-3.1.2.RELEASE.jar
7f17b6230000-7f17b6231000 r--s 0000a000 08:01 1068657                    /home/huatang/.m2/repository/commons-logging/commons-logging-api/1.1/commons-logging-api-1.1.jar
7f17b6231000-7f17b6235000 r--s 00023000 08:01 926465                     /home/huatang/.m2/repository/org/apache/uima/uimafit-core/2.1.0/uimafit-core-2.1.0.jar
7f17b6235000-7f17b6237000 r--s 0157b000 08:01 412964                     /home/huatang/.m2/repository/edu/washington/cs/knowitall/stanford-corenlp/stanford-postag-models/1.3.2/stanford-postag-models-1.3.2.jar
7f17b6237000-7f17b623c000 r--s 00045000 08:01 1068820                    /home/huatang/.m2/repository/com/googlecode/efficient-java-matrix-library/ejml/0.23/ejml-0.23.jar
7f17b623c000-7f17b6240000 r--s 00015000 08:01 1068806                    /home/huatang/.m2/repository/javax/xml/bind/jaxb-api/2.2.7/jaxb-api-2.2.7.jar
7f17b6240000-7f17b6245000 r--s 0002d000 08:01 1068803                    /home/huatang/.m2/repository/de/jollyday/jollyday/0.4.7/jollyday-0.4.7.jar
7f17b6245000-7f17b6255000 r--s 0007c000 08:01 1068800                    /home/huatang/.m2/repository/joda-time/joda-time/2.1/joda-time-2.1.jar
7f17b6255000-7f17b6273000 r--s 0027d000 08:01 1068797                    /home/huatang/.m2/repository/xalan/xalan/2.7.0/xalan-2.7.0.jar
7f17b6273000-7f17b628a000 r--s 00110000 08:01 1068794                    /home/huatang/.m2/repository/xerces/xercesImpl/2.8.0/xercesImpl-2.8.0.jar
7f17b628a000-7f17b6292000 r--s 00028000 08:01 1068791                    /home/huatang/.m2/repository/xml-apis/xml-apis/1.3.03/xml-apis-1.3.03.jar
7f17b6292000-7f17b6299000 r--s 00046000 08:01 1068817                    /home/huatang/.m2/repository/com/io7m/xom/xom/1.2.10/xom-1.2.10.jar
7f17b6299000-7f17b62dc000 r--s 00509000 08:01 1068788                    /home/huatang/.m2/repository/edu/stanford/nlp/stanford-corenlp/3.4/stanford-corenlp-3.4.jar
7f17b62dc000-7f17b62e1000 r--s 0002e000 08:01 1066736                    /home/huatang/.m2/repository/com/google/code/gson/gson/2.3/gson-2.3.jar
7f17b62e1000-7f17b62e6000 r--s 00027000 08:01 1066733                    /home/huatang/.m2/repository/org/springframework/spring-expression/3.1.0.RELEASE/spring-expression-3.1.0.RELEASE.jar
7f17b62e6000-7f17b62e7000 ---p 00000000 00:00 0 
7f17b62e7000-7f17b63e7000 rw-p 00000000 00:00 0                          [stack:5749]
7f17b63e7000-7f17b63ea000 ---p 00000000 00:00 0 
7f17b63ea000-7f17b64e8000 rw-p 00000000 00:00 0                          [stack:5748]
7f17b64e8000-7f17b64eb000 ---p 00000000 00:00 0 
7f17b64eb000-7f17b65e9000 rw-p 00000000 00:00 0                          [stack:5747]
7f17b65e9000-7f17b65ec000 ---p 00000000 00:00 0 
7f17b65ec000-7f17b66ea000 rw-p 00000000 00:00 0                          [stack:5746]
7f17b66ea000-7f17b66ed000 ---p 00000000 00:00 0 
7f17b66ed000-7f17b67eb000 rw-p 00000000 00:00 0                          [stack:5745]
7f17b67eb000-7f17b6ecd000 r--p 00000000 08:01 1053294                    /usr/lib/locale/locale-archive
7f17b6ecd000-7f17b6ed0000 ---p 00000000 00:00 0 
7f17b6ed0000-7f17b6fce000 rw-p 00000000 00:00 0                          [stack:5744]
7f17b6fce000-7f17b6fd1000 ---p 00000000 00:00 0 
7f17b6fd1000-7f17b70cf000 rw-p 00000000 00:00 0                          [stack:5743]
7f17b70cf000-7f17b70d0000 ---p 00000000 00:00 0 
7f17b70d0000-7f17b71d0000 rw-p 00000000 00:00 0                          [stack:5742]
7f17b71d0000-7f17b73a6000 r--s 03caa000 08:01 1066570                    /usr/local/java/jdk1.8.0_25/jre/lib/rt.jar
7f17b73a6000-7f17b7ba6000 rw-p 00000000 00:00 0 
7f17b7ba6000-7f17b7bbc000 rw-p 00000000 00:00 0 
7f17b7bbc000-7f17b7f66000 ---p 00000000 00:00 0 
7f17b7f66000-7f17b84c6000 rwxp 00000000 00:00 0 
7f17b84c6000-7f17c6f66000 ---p 00000000 00:00 0 
7f17c6f66000-7f17c6f80000 r-xp 00000000 08:01 1066521                    /usr/local/java/jdk1.8.0_25/jre/lib/amd64/libzip.so
7f17c6f80000-7f17c7180000 ---p 0001a000 08:01 1066521                    /usr/local/java/jdk1.8.0_25/jre/lib/amd64/libzip.so
7f17c7180000-7f17c7181000 rw-p 0001a000 08:01 1066521                    /usr/local/java/jdk1.8.0_25/jre/lib/amd64/libzip.so
7f17c7181000-7f17c718c000 r-xp 00000000 08:01 922001                     /lib/x86_64-linux-gnu/libnss_files-2.19.so
7f17c718c000-7f17c738b000 ---p 0000b000 08:01 922001                     /lib/x86_64-linux-gnu/libnss_files-2.19.so
7f17c738b000-7f17c738c000 r--p 0000a000 08:01 922001                     /lib/x86_64-linux-gnu/libnss_files-2.19.so
7f17c738c000-7f17c738d000 rw-p 0000b000 08:01 922001                     /lib/x86_64-linux-gnu/libnss_files-2.19.so
7f17c738d000-7f17c7398000 r-xp 00000000 08:01 922011                     /lib/x86_64-linux-gnu/libnss_nis-2.19.so
7f17c7398000-7f17c7597000 ---p 0000b000 08:01 922011                     /lib/x86_64-linux-gnu/libnss_nis-2.19.so
7f17c7597000-7f17c7598000 r--p 0000a000 08:01 922011                     /lib/x86_64-linux-gnu/libnss_nis-2.19.so
7f17c7598000-7f17c7599000 rw-p 0000b000 08:01 922011                     /lib/x86_64-linux-gnu/libnss_nis-2.19.so
7f17c7599000-7f17c75b0000 r-xp 00000000 08:01 921995                     /lib/x86_64-linux-gnu/libnsl-2.19.so
7f17c75b0000-7f17c77af000 ---p 00017000 08:01 921995                     /lib/x86_64-linux-gnu/libnsl-2.19.so
7f17c77af000-7f17c77b0000 r--p 00016000 08:01 921995                     /lib/x86_64-linux-gnu/libnsl-2.19.so
7f17c77b0000-7f17c77b1000 rw-p 00017000 08:01 921995                     /lib/x86_64-linux-gnu/libnsl-2.19.so
7f17c77b1000-7f17c77b3000 rw-p 00000000 00:00 0 
7f17c77b3000-7f17c77bc000 r-xp 00000000 08:01 921997                     /lib/x86_64-linux-gnu/libnss_compat-2.19.so
7f17c77bc000-7f17c79bb000 ---p 00009000 08:01 921997                     /lib/x86_64-linux-gnu/libnss_compat-2.19.so
7f17c79bb000-7f17c79bc000 r--p 00008000 08:01 921997                     /lib/x86_64-linux-gnu/libnss_compat-2.19.so
7f17c79bc000-7f17c79bd000 rw-p 00009000 08:01 921997                     /lib/x86_64-linux-gnu/libnss_compat-2.19.so
7f17c79bd000-7f17c79e7000 r-xp 00000000 08:01 1066500                    /usr/local/java/jdk1.8.0_25/jre/lib/amd64/libjava.so
7f17c79e7000-7f17c7be7000 ---p 0002a000 08:01 1066500                    /usr/local/java/jdk1.8.0_25/jre/lib/amd64/libjava.so
7f17c7be7000-7f17c7be9000 rw-p 0002a000 08:01 1066500                    /usr/local/java/jdk1.8.0_25/jre/lib/amd64/libjava.so
7f17c7be9000-7f17c7bf6000 r-xp 00000000 08:01 1066515                    /usr/local/java/jdk1.8.0_25/jre/lib/amd64/libverify.so
7f17c7bf6000-7f17c7df6000 ---p 0000d000 08:01 1066515                    /usr/local/java/jdk1.8.0_25/jre/lib/amd64/libverify.so
7f17c7df6000-7f17c7df8000 rw-p 0000d000 08:01 1066515                    /usr/local/java/jdk1.8.0_25/jre/lib/amd64/libverify.so
7f17c7df8000-7f17c7dff000 r-xp 00000000 08:01 922054                     /lib/x86_64-linux-gnu/librt-2.19.so
7f17c7dff000-7f17c7ffe000 ---p 00007000 08:01 922054                     /lib/x86_64-linux-gnu/librt-2.19.so
7f17c7ffe000-7f17c7fff000 r--p 00006000 08:01 922054                     /lib/x86_64-linux-gnu/librt-2.19.so
7f17c7fff000-7f17c8000000 rw-p 00007000 08:01 922054                     /lib/x86_64-linux-gnu/librt-2.19.so
7f17c8000000-7f17c85fb000 rw-p 00000000 00:00 0 
7f17c85fb000-7f17cc000000 ---p 00000000 00:00 0 
7f17cc000000-7f17cc001000 r--s 00004000 08:01 1068809                    /home/huatang/.m2/repository/javax/json/javax.json-api/1.0/javax.json-api-1.0.jar
7f17cc001000-7f17cc003000 r--s 00005000 08:01 295510                     /home/huatang/.m2/repository/com/github/julman99/gson-fire/0.7.0/gson-fire-0.7.0.jar
7f17cc003000-7f17cc005000 r--s 00000000 08:01 926462                     /home/huatang/.m2/repository/aopalliance/aopalliance/1.0/aopalliance-1.0.jar
7f17cc005000-7f17cc00d000 r--s 00049000 08:01 926459                     /home/huatang/.m2/repository/org/springframework/spring-aop/3.1.0.RELEASE/spring-aop-3.1.0.RELEASE.jar
7f17cc00d000-7f17cc022000 r--s 000b6000 08:01 926456                     /home/huatang/.m2/repository/org/springframework/spring-context/3.1.0.RELEASE/spring-context-3.1.0.RELEASE.jar
7f17cc022000-7f17cc02d000 r--s 00062000 08:01 926450                     /home/huatang/.m2/repository/org/springframework/spring-core/3.1.0.RELEASE/spring-core-3.1.0.RELEASE.jar
7f17cc02d000-7f17cc030000 r--s 00018000 08:01 295513                     /home/huatang/.m2/repository/commons-io/commons-io/1.4/commons-io-1.4.jar
7f17cc030000-7f17cc034000 r--s 0003c000 08:01 1069443                    /home/huatang/.m2/repository/commons-lang/commons-lang/2.4/commons-lang-2.4.jar
7f17cc034000-7f17cc038000 r--s 0001f000 08:01 926447                     /home/huatang/.m2/repository/org/uimafit/uimafit/1.4.0/uimafit-1.4.0.jar
7f17cc038000-7f17cc03b000 r--s 00022000 08:01 926444                     /home/huatang/.m2/repository/org/apache/uima/jVinci/2.4.0/jVinci-2.4.0.jar
7f17cc03b000-7f17cc03d000 r--s 00007000 08:01 926441                     /home/huatang/.m2/repository/org/apache/geronimo/specs/geronimo-activation_1.0.2_spec/1.2/geronimo-activation_1.0.2_spec-1.2.jar
7f17cc03d000-7f17cc03f000 r--s 00006000 08:01 926438                     /home/huatang/.m2/repository/axis/axis-jaxrpc/1.3/axis-jaxrpc-1.3.jar
7f17cc03f000-7f17cc042000 r--s 0000f000 08:01 926435                     /home/huatang/.m2/repository/commons-discovery/commons-discovery/0.2/commons-discovery-0.2.jar
7f17cc042000-7f17cc056000 r--s 0017b000 08:01 926426                     /home/huatang/.m2/repository/axis/axis/1.3/axis-1.3.jar
7f17cc056000-7f17cc066000 r--s 000ee000 08:01 412500                     /home/huatang/.m2/repository/com/aliasi/lingpipe/4.1.0/lingpipe-4.1.0.jar
7f17cc066000-7f17cc07d000 r--s 00123000 08:01 925884                     /home/huatang/.m2/repository/org/apache/uima/uimaj-core/2.4.0/uimaj-core-2.4.0.jar
7f17cc07d000-7f17cc1c5000 rw-p 00000000 00:00 0 
7f17cc1c5000-7f17cc2ca000 r-xp 00000000 08:01 921976                     /lib/x86_64-linux-gnu/libm-2.19.so
7f17cc2ca000-7f17cc4c9000 ---p 00105000 08:01 921976                     /lib/x86_64-linux-gnu/libm-2.19.so
7f17cc4c9000-7f17cc4ca000 r--p 00104000 08:01 921976                     /lib/x86_64-linux-gnu/libm-2.19.so
7f17cc4ca000-7f17cc4cb000 rw-p 00105000 08:01 921976                     /lib/x86_64-linux-gnu/libm-2.19.so
7f17cc4cb000-7f17cd138000 r-xp 00000000 08:01 1066537                    /usr/local/java/jdk1.8.0_25/jre/lib/amd64/server/libjvm.so
7f17cd138000-7f17cd337000 ---p 00c6d000 08:01 1066537                    /usr/local/java/jdk1.8.0_25/jre/lib/amd64/server/libjvm.so
7f17cd337000-7f17cd40d000 rw-p 00c6c000 08:01 1066537                    /usr/local/java/jdk1.8.0_25/jre/lib/amd64/server/libjvm.so
7f17cd40d000-7f17cd450000 rw-p 00000000 00:00 0 
7f17cd450000-7f17cd60c000 r-xp 00000000 08:01 921926                     /lib/x86_64-linux-gnu/libc-2.19.so
7f17cd60c000-7f17cd80b000 ---p 001bc000 08:01 921926                     /lib/x86_64-linux-gnu/libc-2.19.so
7f17cd80b000-7f17cd80f000 r--p 001bb000 08:01 921926                     /lib/x86_64-linux-gnu/libc-2.19.so
7f17cd80f000-7f17cd811000 rw-p 001bf000 08:01 921926                     /lib/x86_64-linux-gnu/libc-2.19.so
7f17cd811000-7f17cd816000 rw-p 00000000 00:00 0 
7f17cd816000-7f17cd819000 r-xp 00000000 08:01 921943                     /lib/x86_64-linux-gnu/libdl-2.19.so
7f17cd819000-7f17cda18000 ---p 00003000 08:01 921943                     /lib/x86_64-linux-gnu/libdl-2.19.so
7f17cda18000-7f17cda19000 r--p 00002000 08:01 921943                     /lib/x86_64-linux-gnu/libdl-2.19.so
7f17cda19000-7f17cda1a000 rw-p 00003000 08:01 921943                     /lib/x86_64-linux-gnu/libdl-2.19.so
7f17cda1a000-7f17cda2f000 r-xp 00000000 08:01 1065595                    /usr/local/java/jdk1.8.0_25/lib/amd64/jli/libjli.so
7f17cda2f000-7f17cdc2e000 ---p 00015000 08:01 1065595                    /usr/local/java/jdk1.8.0_25/lib/amd64/jli/libjli.so
7f17cdc2e000-7f17cdc2f000 rw-p 00014000 08:01 1065595                    /usr/local/java/jdk1.8.0_25/lib/amd64/jli/libjli.so
7f17cdc2f000-7f17cdc48000 r-xp 00000000 08:01 922046                     /lib/x86_64-linux-gnu/libpthread-2.19.so
7f17cdc48000-7f17cde47000 ---p 00019000 08:01 922046                     /lib/x86_64-linux-gnu/libpthread-2.19.so
7f17cde47000-7f17cde48000 r--p 00018000 08:01 922046                     /lib/x86_64-linux-gnu/libpthread-2.19.so
7f17cde48000-7f17cde49000 rw-p 00019000 08:01 922046                     /lib/x86_64-linux-gnu/libpthread-2.19.so
7f17cde49000-7f17cde4d000 rw-p 00000000 00:00 0 
7f17cde4d000-7f17cde70000 r-xp 00000000 08:01 921902                     /lib/x86_64-linux-gnu/ld-2.19.so
7f17cde70000-7f17cde71000 r--s 0000c000 08:01 926453                     /home/huatang/.m2/repository/org/springframework/spring-asm/3.1.0.RELEASE/spring-asm-3.1.0.RELEASE.jar
7f17cde71000-7f17cde74000 r--s 0001c000 08:01 926432                     /home/huatang/.m2/repository/wsdl4j/wsdl4j/1.5.1/wsdl4j-1.5.1.jar
7f17cde74000-7f17cde76000 r--s 00008000 08:01 926423                     /home/huatang/.m2/repository/org/apache/uima/uimaj-adapter-soap/2.4.0/uimaj-adapter-soap-2.4.0.jar
7f17cde76000-7f17cde7b000 r--s 0004f000 08:01 926417                     /home/huatang/.m2/repository/org/apache/uima/uimaj-cpe/2.4.0/uimaj-cpe-2.4.0.jar
7f17cde7b000-7f17cde84000 r--s 00078000 08:01 926398                     /home/huatang/.m2/repository/org/apache/uima/uimaj-tools/2.4.0/uimaj-tools-2.4.0.jar
7f17cde84000-7f17cde8a000 rw-p 00000000 00:00 0 
7f17cde8a000-7f17cded7000 ---p 00000000 00:00 0 
7f17cded7000-7f17cdeda000 rw-p 00000000 00:00 0 
7f17cdeda000-7f17cdf00000 ---p 00000000 00:00 0 
7f17cdf00000-7f17cdf06000 rw-p 00000000 00:00 0 
7f17cdf06000-7f17cdf53000 ---p 00000000 00:00 0 
7f17cdf53000-7f17cdf54000 rw-p 00000000 00:00 0 
7f17cdf54000-7f17cdf57000 ---p 00000000 00:00 0 
7f17cdf57000-7f17ce059000 rw-p 00000000 00:00 0                          [stack:5741]
7f17ce059000-7f17ce05a000 r--s 00004000 08:01 926429                     /home/huatang/.m2/repository/axis/axis-saaj/1.3/axis-saaj-1.3.jar
7f17ce05a000-7f17ce05b000 r--s 0000b000 08:01 926420                     /home/huatang/.m2/repository/org/apache/uima/uimaj-adapter-vinci/2.4.0/uimaj-adapter-vinci-2.4.0.jar
7f17ce05b000-7f17ce05c000 r--s 00002000 08:01 926414                     /home/huatang/.m2/repository/org/apache/uima/uimaj-document-annotation/2.4.0/uimaj-document-annotation-2.4.0.jar
7f17ce05c000-7f17ce060000 r--s 00024000 08:01 926411                     /home/huatang/.m2/repository/org/apache/uima/uimaj-examples/2.4.0/uimaj-examples-2.4.0.jar
7f17ce060000-7f17ce062000 r--s 00005000 08:01 1066728                    /home/huatang/.m2/repository/edu/cmu/lti/oaqa/bio/bioasq-gopubmed-client/0.0.3/bioasq-gopubmed-client-0.0.3.jar
7f17ce062000-7f17ce063000 r--s 00002000 08:01 926395                     /home/huatang/.m2/repository/org/apache/uima/uimaj-bootstrap/2.4.0/uimaj-bootstrap-2.4.0.jar
7f17ce063000-7f17ce06b000 rw-s 00000000 08:01 1069907                    /tmp/hsperfdata_huatang/5735
7f17ce06b000-7f17ce06c000 rw-p 00000000 00:00 0 
7f17ce06c000-7f17ce06d000 ---p 00000000 00:00 0 
7f17ce06d000-7f17ce06f000 rw-p 00000000 00:00 0 
7f17ce06f000-7f17ce070000 r--p 00022000 08:01 921902                     /lib/x86_64-linux-gnu/ld-2.19.so
7f17ce070000-7f17ce071000 rw-p 00023000 08:01 921902                     /lib/x86_64-linux-gnu/ld-2.19.so
7f17ce071000-7f17ce072000 rw-p 00000000 00:00 0 
7fff04f88000-7fff04faa000 rw-p 00000000 00:00 0                          [stack]
7fff04ffe000-7fff05000000 r-xp 00000000 00:00 0                          [vdso]
ffffffffff600000-ffffffffff601000 r-xp 00000000 00:00 0                  [vsyscall]

VM Arguments:
jvm_args: -Dfile.encoding=UTF-8 
java_command: SimpleRunCPE src/main/resources/Descriptors/CpeDescriptor.xml
java_class_path (initial): /home/huatang/11791/project-team06/project-team06/target/classes:/home/huatang/.m2/repository/org/apache/uima/uimaj-core/2.4.0/uimaj-core-2.4.0.jar:/home/huatang/.m2/repository/org/apache/uima/uimaj-bootstrap/2.4.0/uimaj-bootstrap-2.4.0.jar:/home/huatang/.m2/repository/edu/cmu/lti/oaqa/bio/bioasq-gopubmed-client/0.0.3/bioasq-gopubmed-client-0.0.3.jar:/home/huatang/.m2/repository/org/apache/uima/uimaj-tools/2.4.0/uimaj-tools-2.4.0.jar:/home/huatang/.m2/repository/org/apache/uima/uimaj-examples/2.4.0/uimaj-examples-2.4.0.jar:/home/huatang/.m2/repository/org/apache/uima/uimaj-document-annotation/2.4.0/uimaj-document-annotation-2.4.0.jar:/home/huatang/.m2/repository/com/aliasi/lingpipe/4.1.0/lingpipe-4.1.0.jar:/home/huatang/.m2/repository/org/apache/uima/uimaj-cpe/2.4.0/uimaj-cpe-2.4.0.jar:/home/huatang/.m2/repository/org/apache/uima/uimaj-adapter-vinci/2.4.0/uimaj-adapter-vinci-2.4.0.jar:/home/huatang/.m2/repository/org/apache/uima/uimaj-adapter-soap/2.4.0/uimaj-adapter-soap-2.4.0.jar:/home/huatang/.m2/repository/axis/axis/1.3/axis-1.3.jar:/home/huatang/.m2/repository/axis/axis-saaj/1.3/axis-saaj-1.3.jar:/home/huatang/.m2/repository/wsdl4j/wsdl4j/1.5.1/wsdl4j-1.5.1.jar:/home/huatang/.m2/repository/commons-discovery/commons-discovery/0.2/commons-discovery-0.2.jar:/home/huatang/.m2/repository/axis/axis-jaxrpc/1.3/axis-jaxrpc-1.3.jar:/home/huatang/.m2/repository/org/apache/geronimo/specs/geronimo-activation_1.0.2_spec/1.2/geronimo-activation_1.0.2_spec-1.2.jar:/home/huatang/.m2/repository/org/apache/uima/jVinci/2.4.0/jVinci-2.4.0.jar:/home/huatang/.m2/repository/org/uimafit/uimafit/1.4.0/uimafit-1.4.0.jar:/home/huatang/.m2/repository/commons-lang/commons-lang/2.4/commons-lang-2.4.jar:/home/huatang/.m2/repository/commons-io/commons-io/1.4/commons-io-1.4.jar:/home/huatang/.m2/repository/org/springframework/spring-core/3.1.0.RELEASE/spring-core-3.1.0.RELEASE.jar:/home/huatang/.m2/repository/org/springframework/spring-asm/3.1.0.RELEASE/spring-asm-
Launcher Type: SUN_STANDARD

Environment Variables:
JAVA_HOME=/usr/local/java/jdk1.8.0_25
PATH=/usr/local/sbin:/usr/local/bin:/usr/sbin:/usr/bin:/sbin:/bin:/usr/games:/usr/local/games:/home/huatang/bin:/usr/local/java/jdk1.8.0_25/bin
SHELL=/bin/bash
DISPLAY=:0

Signal Handlers:
SIGSEGV: [libjvm.so+0xa79a80], sa_mask[0]=11111111011111111101111111111110, sa_flags=SA_RESTART|SA_SIGINFO
SIGBUS: [libjvm.so+0xa79a80], sa_mask[0]=11111111011111111101111111111110, sa_flags=SA_RESTART|SA_SIGINFO
SIGFPE: [libjvm.so+0x8e24e0], sa_mask[0]=11111111011111111101111111111110, sa_flags=SA_RESTART|SA_SIGINFO
SIGPIPE: [libjvm.so+0x8e24e0], sa_mask[0]=11111111011111111101111111111110, sa_flags=SA_RESTART|SA_SIGINFO
SIGXFSZ: [libjvm.so+0x8e24e0], sa_mask[0]=11111111011111111101111111111110, sa_flags=SA_RESTART|SA_SIGINFO
SIGILL: [libjvm.so+0x8e24e0], sa_mask[0]=11111111011111111101111111111110, sa_flags=SA_RESTART|SA_SIGINFO
SIGUSR1: SIG_DFL, sa_mask[0]=00000000000000000000000000000000, sa_flags=none
SIGUSR2: [libjvm.so+0x8e3d10], sa_mask[0]=00100000000000000000000000000000, sa_flags=SA_RESTART|SA_SIGINFO
SIGHUP: [libjvm.so+0x8e50d0], sa_mask[0]=11111111011111111101111111111110, sa_flags=SA_RESTART|SA_SIGINFO
SIGINT: [libjvm.so+0x8e50d0], sa_mask[0]=11111111011111111101111111111110, sa_flags=SA_RESTART|SA_SIGINFO
SIGTERM: [libjvm.so+0x8e50d0], sa_mask[0]=11111111011111111101111111111110, sa_flags=SA_RESTART|SA_SIGINFO
SIGQUIT: [libjvm.so+0x8e50d0], sa_mask[0]=11111111011111111101111111111110, sa_flags=SA_RESTART|SA_SIGINFO


---------------  S Y S T E M  ---------------

OS:DISTRIB_ID=Ubuntu
DISTRIB_RELEASE=14.04
DISTRIB_CODENAME=trusty
DISTRIB_DESCRIPTION="Ubuntu 14.04.1 LTS"

uname:Linux 3.13.0-32-generic #57-Ubuntu SMP Tue Jul 15 03:51:08 UTC 2014 x86_64
libc:glibc 2.19 NPTL 2.19 
rlimit: STACK 8192k, CORE 0k, NPROC 7725, NOFILE 4096, AS infinity
load average:1.85 1.88 1.28

/proc/meminfo:
MemTotal:        1010460 kB
MemFree:           51328 kB
Buffers:             208 kB
Cached:             7572 kB
SwapCached:         3160 kB
Active:           396624 kB
Inactive:         402508 kB
Active(anon):     396408 kB
Inactive(anon):   396884 kB
Active(file):        216 kB
Inactive(file):     5624 kB
Unevictable:          32 kB
Mlocked:              32 kB
SwapTotal:       1046524 kB
SwapFree:             20 kB
Dirty:               140 kB
Writeback:             0 kB
AnonPages:        788356 kB
Mapped:             4428 kB
Shmem:              1852 kB
Slab:              50012 kB
SReclaimable:      18232 kB
SUnreclaim:        31780 kB
KernelStack:        5872 kB
PageTables:        31612 kB
NFS_Unstable:          0 kB
Bounce:                0 kB
WritebackTmp:          0 kB
CommitLimit:     1551752 kB
Committed_AS:    3852376 kB
VmallocTotal:   34359738367 kB
VmallocUsed:      163124 kB
VmallocChunk:   34359554716 kB
HardwareCorrupted:     0 kB
AnonHugePages:    235520 kB
HugePages_Total:       0
HugePages_Free:        0
HugePages_Rsvd:        0
HugePages_Surp:        0
Hugepagesize:       2048 kB
DirectMap4k:       49024 kB
DirectMap2M:      999424 kB
DirectMap1G:           0 kB


CPU:total 1 (1 cores per cpu, 1 threads per core) family 6 model 69 stepping 1, cmov, cx8, fxsr, mmx, sse, sse2, sse3, ssse3, sse4.1, sse4.2, popcnt, avx, aes, clmul, erms, tsc, tscinvbit

/proc/cpuinfo:
processor	: 0
vendor_id	: GenuineIntel
cpu family	: 6
model		: 69
model name	: Intel(R) Core(TM) i5-4260U CPU @ 1.40GHz
stepping	: 1
microcode	: 0x17
cpu MHz		: 1999.457
cache size	: 3072 KB
physical id	: 0
siblings	: 1
core id		: 0
cpu cores	: 1
apicid		: 0
initial apicid	: 0
fpu		: yes
fpu_exception	: yes
cpuid level	: 13
wp		: yes
flags		: fpu vme de pse tsc msr pae mce cx8 apic sep mtrr pge mca cmov pat pse36 clflush dts mmx fxsr sse sse2 ss syscall nx pdpe1gb rdtscp lm constant_tsc arch_perfmon pebs bts nopl xtopology tsc_reliable nonstop_tsc aperfmperf eagerfpu pni pclmulqdq ssse3 fma cx16 pcid sse4_1 sse4_2 x2apic movbe popcnt aes xsave avx f16c rdrand hypervisor lahf_lm ida arat epb xsaveopt pln pts dtherm fsgsbase smep
bogomips	: 3998.91
clflush size	: 64
cache_alignment	: 64
address sizes	: 40 bits physical, 48 bits virtual
power management:



Memory: 4k page, physical 1010460k(51328k free), swap 1046524k(20k free)

vm_info: Java HotSpot(TM) 64-Bit Server VM (25.25-b02) for linux-amd64 JRE (1.8.0_25-b17), built on Sep 17 2014 17:32:11 by "java_re" with gcc 4.3.0 20080428 (Red Hat 4.3.0-8)

time: Mon Nov 24 12:37:58 2014
elapsed time: 9 seconds (0d 0h 0m 9s)

